<?xml version="1.0" encoding="UTF-8" ?>
<testsuite tests="4" failures="0" name="com.zsbreak.InvertibleBloomFilter.BloomFilterTest" time="0.191" errors="0" skipped="0">
  <properties>
[...]
</properties>
  <testcase classname="com.zsbreak.InvertibleBloomFilter.BloomFilterTest" name="testAdd" time="0.008"/>
  <testcase classname="com.zsbreak.InvertibleBloomFilter.BloomFilterTest" name="testCreateHash_String" time="0.039"/>
  <testcase classname="com.zsbreak.InvertibleBloomFilter.BloomFilterTest" name="testPure" time="0"/>
  <testcase classname="com.zsbreak.InvertibleBloomFilter.BloomFilterTest" name="testDecode" time="0.144"/>
</testsuite>